<?xml version="1.0" encoding="UTF-8"?>
<!-- Generated by org.testng.reporters.JUnitXMLReporter -->
<testsuite ignored="0" hostname="Gowsalya" failures="0" tests="13" name="regressiontest" time="0.114" errors="0" timestamp="2024-11-10T12:50:00 IST">
  <testcase classname="FacebookTestCases.FaceBookSignUp" name="createAccWithCustomAsGender" time="0.023"/>
  <testcase classname="FacebookTestCases.FaceBookSignUp" name="createAccWithFemaleAsGender" time="0.003"/>
  <testcase classname="FacebookTestCases.FaceBookSignUp" name="createAccWithMaleAsGender" time="0.002"/>
  <testcase classname="FacebookTestCases.FaceBookSignUp" name="createNewAccount" time="0.001"/>
  <testcase classname="FacebookTestCases.FaceBookSignUp" name="existingUserLogin" time="0.002"/>
  <testcase classname="FacebookTestCases.FaceBookForgottenPwd" name="loginWithForgottenPwdpage" time="0.003"/>
  <testcase classname="FacebookTestCases.FaceBookForgottenPwd" name="searchForExistingAccountWithEmail" time="0.001"/>
  <testcase classname="FacebookTestCases.FaceBookForgottenPwd" name="searchForExistingAccountWithPhNum" time="0.002"/>
  <testcase classname="FacebookTestCases.FaceBookLoginOrSignup" name="instagramLogin" time="0.001"/>
  <testcase classname="FacebookTestCases.FaceBookLoginOrSignup" name="loginInKannada" time="0.0"/>
  <testcase classname="FacebookTestCases.FaceBookLoginOrSignup" name="loginWithForgottenPwdpage" time="0.002"/>
  <testcase classname="FacebookTestCases.FaceBookLoginOrSignup" name="reSetPwd" time="0.002"/>
  <testcase classname="FacebookTestCases.FaceBookLoginOrSignup" name="signUp" time="0.001"/>
</testsuite> <!-- regressiontest -->
