<?xml version="1.0" encoding="UTF-8"?>
<!-- Generated by org.testng.reporters.JUnitXMLReporter -->
<testsuite ignored="1" hostname="Gowsalya" failures="0" tests="1" name="chrometest" time="3.953" errors="0" timestamp="2024-11-10T14:13:50 IST">
  <testcase classname="FacebookTestCases.DataDrivenTesting" name="sampleScript" time="3.948"/>
  <testcase classname="FacebookTestCases.DataDrivenTesting" name="launchBrowser" time="0.0">
    <ignored/>
  </testcase> <!-- launchBrowser -->
</testsuite> <!-- chrometest -->
