<?xml version="1.0" encoding="UTF-8"?>
<!-- Generated by org.testng.reporters.JUnitXMLReporter -->
<testsuite ignored="2" hostname="Gowsalya" failures="0" tests="11" name="functionalTest" time="0.088" errors="0" timestamp="2024-11-10T13:15:57 IST">
  <testcase classname="FacebookTestCases.FaceBookSignUp" name="createAccWithCustomAsGender" time="0.008"/>
  <testcase classname="FacebookTestCases.FaceBookSignUp" name="createAccWithFemaleAsGender" time="0.003"/>
  <testcase classname="FacebookTestCases.FaceBookSignUp" name="createAccWithMaleAsGender" time="0.004"/>
  <testcase classname="FacebookTestCases.FaceBookSignUp" name="createNewAccount" time="0.003"/>
  <testcase classname="FacebookTestCases.FaceBookSignUp" name="existingUserLogin" time="0.001"/>
  <testcase classname="FacebookTestCases.FaceBookForgottenPwd" name="loginWithForgottenPwdpage" time="0.002"/>
  <testcase classname="FacebookTestCases.FaceBookLoginOrSignup" name="instagramLogin" time="0.002"/>
  <testcase classname="FacebookTestCases.FaceBookLoginOrSignup" name="loginInKannada" time="0.003"/>
  <testcase classname="FacebookTestCases.FaceBookLoginOrSignup" name="loginWithForgottenPwdpage" time="0.004"/>
  <testcase classname="FacebookTestCases.FaceBookLoginOrSignup" name="reSetPwd" time="0.003"/>
  <testcase classname="FacebookTestCases.FaceBookLoginOrSignup" name="signUp" time="0.001"/>
  <testcase classname="FacebookTestCases.FaceBookForgottenPwd" name="searchForExistingAccountWithPhNum" time="0.0">
    <ignored/>
  </testcase> <!-- searchForExistingAccountWithPhNum -->
  <testcase classname="FacebookTestCases.FaceBookForgottenPwd" name="searchForExistingAccountWithEmail" time="0.0">
    <ignored/>
  </testcase> <!-- searchForExistingAccountWithEmail -->
</testsuite> <!-- functionalTest -->
