<?xml version="1.0" encoding="UTF-8"?>
<testng-results ignored="0" total="2" passed="2" failed="0" skipped="0">
  <reporter-output>
  </reporter-output>
  <suite started-at="2024-12-12T12:40:34 IST" name="Default suite" finished-at="2024-12-12T12:41:19 IST" duration-ms="44991">
    <groups>
    </groups>
    <test started-at="2024-12-12T12:40:34 IST" name="Default test" finished-at="2024-12-12T12:41:19 IST" duration-ms="44991">
      <class name="Synchronization.SkyClass">
        <test-method is-config="true" signature="LaunchBrowser()[pri:0, instance:Synchronization.SkyClass@3c19aaa5]" started-at="2024-12-12T12:40:34 IST" name="LaunchBrowser" finished-at="2024-12-12T12:40:36 IST" duration-ms="1837" status="PASS">
          <reporter-output>
          </reporter-output>
        </test-method> <!-- LaunchBrowser -->
        <test-method signature="LoginFeature()[pri:0, instance:Synchronization.SkyClass@3c19aaa5]" started-at="2024-12-12T12:40:36 IST" name="LoginFeature" finished-at="2024-12-12T12:41:12 IST" duration-ms="36703" status="PASS">
          <reporter-output>
          </reporter-output>
        </test-method> <!-- LoginFeature -->
        <test-method signature="LogoutFeature()[pri:0, instance:Synchronization.SkyClass@3c19aaa5]" started-at="2024-12-12T12:41:12 IST" name="LogoutFeature" finished-at="2024-12-12T12:41:18 IST" duration-ms="6009" status="PASS">
          <reporter-output>
          </reporter-output>
        </test-method> <!-- LogoutFeature -->
        <test-method is-config="true" signature="quitCode()[pri:0, instance:Synchronization.SkyClass@3c19aaa5]" started-at="2024-12-12T12:41:18 IST" name="quitCode" finished-at="2024-12-12T12:41:19 IST" duration-ms="414" status="PASS">
          <reporter-output>
          </reporter-output>
        </test-method> <!-- quitCode -->
      </class> <!-- Synchronization.SkyClass -->
    </test> <!-- Default test -->
  </suite> <!-- Default suite -->
</testng-results>
